Added Component: Designator=1(691101710003)
Add component (AddParameter): Name = "Application"; Value = "Pressure Clamp"; VariantName = "[No Variations]"
Add component (AddParameter): Name = "Category"; Value = "Terminal Blocks"; VariantName = "[No Variations]"
Add component (AddParameter): Name = "ComponentLink1Description"; Value = "Website Link"; VariantName = "[No Variations]"
Add component (AddParameter): Name = "ComponentLink1URL"; Value = "https://www.we-online.com/redexpert/article/691101710003?ad"; VariantName = "[No Variations]"
Add component (AddParameter): Name = "ComponentLink2Description"; Value = "Datasheet Link"; VariantName = "[No Variations]"
Add component (AddParameter): Name = "ComponentLink2URL"; Value = "https://www.we-online.com/redexpert/spec/691101710003?ad"; VariantName = "[No Variations]"
Add component (AddParameter): Name = "Manufacturer"; Value = "Wurth Elektronik"; VariantName = "[No Variations]"
Add component (AddParameter): Name = "Manufacturer Part Number"; Value = "691101710003"; VariantName = "[No Variations]"
Add component (AddParameter): Name = "Match Code"; Value = "WR-TBL"; VariantName = "[No Variations]"
Add component (AddParameter): Name = "Modularity"; Value = "Yes"; VariantName = "[No Variations]"
Add component (AddParameter): Name = "Mount"; Value = "Through Hole"; VariantName = "[No Variations]"
Add component (AddParameter): Name = "Number of Pins"; Value = "3"; VariantName = "[No Variations]"
Add component (AddParameter): Name = "Number of Rows"; Value = "1"; VariantName = "[No Variations]"
Add component (AddParameter): Name = "Operating Temperature Max"; Value = "105°C"; VariantName = "[No Variations]"
Add component (AddParameter): Name = "Operating Temperature Min"; Value = "-40°C"; VariantName = "[No Variations]"
Add component (AddParameter): Name = "Orientation"; Value = "Horizontal"; VariantName = "[No Variations]"
Add component (AddParameter): Name = "Packaging"; Value = "Box"; VariantName = "[No Variations]"
Add component (AddParameter): Name = "Pitch"; Value = "5mm"; VariantName = "[No Variations]"
Add component (AddParameter): Name = "Rated Current"; Value = "16A"; VariantName = "[No Variations]"
Add component (AddParameter): Name = "Working Voltage"; Value = "250V"; VariantName = "[No Variations]"
Added Component: Designator=BT1(79578211)
Add component (AddParameter): Name = "Battery Type"; Value = "2450"; VariantName = "[No Variations]"
Add component (AddParameter): Name = "ComponentLink1Description"; Value = "Manufacturer"; VariantName = "[No Variations]"
Add component (AddParameter): Name = "ComponentLink1URL"; Value = "http://www.we-online.de"; VariantName = "[No Variations]"
Add component (AddParameter): Name = "ComponentLink2Description"; Value = "Datasheet"; VariantName = "[No Variations]"
Add component (AddParameter): Name = "ComponentLink2URL"; Value = "https://katalog.we-online.com/em/datasheet/79578211.pdf"; VariantName = "[No Variations]"
Add component (AddParameter): Name = "Mounting Technology"; Value = "THT"; VariantName = "[No Variations]"
Add component (AddParameter): Name = "Operating Temperature"; Value = "-40 to +105degC"; VariantName = "[No Variations]"
Add component (AddParameter): Name = "Packaging"; Value = "Bag"; VariantName = "[No Variations]"
Add component (AddParameter): Name = "Part Number"; Value = "79578211"; VariantName = "[No Variations]"
Add component (AddParameter): Name = "Published Date"; Value = "September 2019"; VariantName = "[No Variations]"
Add component (AddParameter): Name = "Publisher"; Value = "Wurth Elektronik"; VariantName = "[No Variations]"
Added Component: Designator=C1(SMD-0603C)
Add component (AddParameter): Name = "@ qty"; Value = "0"; VariantName = "[No Variations]"
Add component (AddParameter): Name = "Applications"; Value = "General Purpose"; VariantName = "[No Variations]"
Add component (AddParameter): Name = "Datasheets"; Value = "http://www.murata.com/~/media/webrenewal/support/library/catalog/products/capacitor/mlcc/c02e.pdf"; VariantName = "[No Variations]"
Add component (AddParameter): Name = "Digi-Key Part Number"; Value = "490-10476-1-ND"; VariantName = "[No Variations]"
Add component (AddParameter): Name = "Factory Stock"; Value = "0"; VariantName = "[No Variations]"
Add component (AddParameter): Name = "Features"; Value = "Derating Recommended"; VariantName = "[No Variations]"
Add component (AddParameter): Name = "Height - Seated (Max)"; Value = "-"; VariantName = "[No Variations]"
Add component (AddParameter): Name = "Image"; Value = "//media.digikey.com/Renders/Murata%20Renders/ZRB-SERIES-0402.jpg"; VariantName = "[No Variations]"
Add component (AddParameter): Name = "Lead Spacing"; Value = "-"; VariantName = "[No Variations]"
Add component (AddParameter): Name = "Lead Style"; Value = "-"; VariantName = "[No Variations]"
Add component (AddParameter): Name = "Manufacturer"; Value = "Murata Electronics North America"; VariantName = "[No Variations]"
Add component (AddParameter): Name = "Minimum Quantity"; Value = "1"; VariantName = "[No Variations]"
Add component (AddParameter): Name = "Mounting Type"; Value = "Surface Mount, MLCC"; VariantName = "[No Variations]"
Add component (AddParameter): Name = "Operating Temperature"; Value = "-55°C ~ 85°C"; VariantName = "[No Variations]"
Add component (AddParameter): Name = "Package / Case"; Value = "0603 (1608 Metric)"; VariantName = "[No Variations]"
Add component (AddParameter): Name = "Packaging"; Value = "Cut Tape (CT)"; VariantName = "[No Variations]"
Add component (AddParameter): Name = "Part Number"; Value = "GRM188R61A226ME15D"; VariantName = "[No Variations]"
Add component (AddParameter): Name = "Part Status"; Value = "Active"; VariantName = "[No Variations]"
Add component (AddParameter): Name = "Quantity Available"; Value = "179406"; VariantName = "[No Variations]"
Add component (AddParameter): Name = "Ratings"; Value = "-"; VariantName = "[No Variations]"
Add component (AddParameter): Name = "Series"; Value = "GRM"; VariantName = "[No Variations]"
Add component (AddParameter): Name = "Size / Dimension"; Value = "0.063" L x 0.031" W (1.60mm x 0.80mm)"; VariantName = "[No Variations]"
Add component (AddParameter): Name = "Temperature Coefficient"; Value = "X5R"; VariantName = "[No Variations]"
Add component (AddParameter): Name = "Thickness (Max)"; Value = "0.039" (1.00mm)"; VariantName = "[No Variations]"
Add component (AddParameter): Name = "Tolerance"; Value = "±20%"; VariantName = "[No Variations]"
Add component (AddParameter): Name = "Unit Price (USD)"; Value = "0.24"; VariantName = "[No Variations]"
Add component (AddParameter): Name = "Value"; Value = "22µF"; VariantName = "[No Variations]"
Add component (AddParameter): Name = "Voltage"; Value = "10V"; VariantName = "[No Variations]"
Added Component: Designator=C2(SMD-0603C)
Add component (AddParameter): Name = "@ qty"; Value = "0"; VariantName = "[No Variations]"
Add component (AddParameter): Name = "Applications"; Value = "General Purpose"; VariantName = "[No Variations]"
Add component (AddParameter): Name = "Datasheets"; Value = "http://www.murata.com/~/media/webrenewal/support/library/catalog/products/capacitor/mlcc/c02e.pdf"; VariantName = "[No Variations]"
Add component (AddParameter): Name = "Digi-Key Part Number"; Value = "490-10476-1-ND"; VariantName = "[No Variations]"
Add component (AddParameter): Name = "Factory Stock"; Value = "0"; VariantName = "[No Variations]"
Add component (AddParameter): Name = "Features"; Value = "Derating Recommended"; VariantName = "[No Variations]"
Add component (AddParameter): Name = "Height - Seated (Max)"; Value = "-"; VariantName = "[No Variations]"
Add component (AddParameter): Name = "Image"; Value = "//media.digikey.com/Renders/Murata%20Renders/ZRB-SERIES-0402.jpg"; VariantName = "[No Variations]"
Add component (AddParameter): Name = "Lead Spacing"; Value = "-"; VariantName = "[No Variations]"
Add component (AddParameter): Name = "Lead Style"; Value = "-"; VariantName = "[No Variations]"
Add component (AddParameter): Name = "Manufacturer"; Value = "Murata Electronics North America"; VariantName = "[No Variations]"
Add component (AddParameter): Name = "Minimum Quantity"; Value = "1"; VariantName = "[No Variations]"
Add component (AddParameter): Name = "Mounting Type"; Value = "Surface Mount, MLCC"; VariantName = "[No Variations]"
Add component (AddParameter): Name = "Operating Temperature"; Value = "-55°C ~ 85°C"; VariantName = "[No Variations]"
Add component (AddParameter): Name = "Package / Case"; Value = "0603 (1608 Metric)"; VariantName = "[No Variations]"
Add component (AddParameter): Name = "Packaging"; Value = "Cut Tape (CT)"; VariantName = "[No Variations]"
Add component (AddParameter): Name = "Part Number"; Value = "GRM188R61A226ME15D"; VariantName = "[No Variations]"
Add component (AddParameter): Name = "Part Status"; Value = "Active"; VariantName = "[No Variations]"
Add component (AddParameter): Name = "Quantity Available"; Value = "179406"; VariantName = "[No Variations]"
Add component (AddParameter): Name = "Ratings"; Value = "-"; VariantName = "[No Variations]"
Add component (AddParameter): Name = "Series"; Value = "GRM"; VariantName = "[No Variations]"
Add component (AddParameter): Name = "Size / Dimension"; Value = "0.063" L x 0.031" W (1.60mm x 0.80mm)"; VariantName = "[No Variations]"
Add component (AddParameter): Name = "Temperature Coefficient"; Value = "X5R"; VariantName = "[No Variations]"
Add component (AddParameter): Name = "Thickness (Max)"; Value = "0.039" (1.00mm)"; VariantName = "[No Variations]"
Add component (AddParameter): Name = "Tolerance"; Value = "±20%"; VariantName = "[No Variations]"
Add component (AddParameter): Name = "Unit Price (USD)"; Value = "0.24"; VariantName = "[No Variations]"
Add component (AddParameter): Name = "Value"; Value = "22µF"; VariantName = "[No Variations]"
Add component (AddParameter): Name = "Voltage"; Value = "10V"; VariantName = "[No Variations]"
Added Component: Designator=C3(SMD-0603C)
Add component (AddParameter): Name = "@ qty"; Value = "0"; VariantName = "[No Variations]"
Add component (AddParameter): Name = "Applications"; Value = "Automotive, Boardflex Sensitive"; VariantName = "[No Variations]"
Add component (AddParameter): Name = "Datasheets"; Value = "http://www.murata.com/~/media/webrenewal/support/library/catalog/products/capacitor/mlcc/c03e.ashx"; VariantName = "[No Variations]"
Add component (AddParameter): Name = "Digi-Key Part Number"; Value = "490-5796-1-ND"; VariantName = "[No Variations]"
Add component (AddParameter): Name = "Factory Stock"; Value = "0"; VariantName = "[No Variations]"
Add component (AddParameter): Name = "Features"; Value = "Soft Termination"; VariantName = "[No Variations]"
Add component (AddParameter): Name = "Height - Seated (Max)"; Value = "-"; VariantName = "[No Variations]"
Add component (AddParameter): Name = "Image"; Value = "//media.digikey.com/Renders/Murata%20Renders/0603%28LQG18%29.jpg"; VariantName = "[No Variations]"
Add component (AddParameter): Name = "Lead Spacing"; Value = "-"; VariantName = "[No Variations]"
Add component (AddParameter): Name = "Lead Style"; Value = "-"; VariantName = "[No Variations]"
Add component (AddParameter): Name = "Manufacturer"; Value = "Murata Electronics North America"; VariantName = "[No Variations]"
Add component (AddParameter): Name = "Minimum Quantity"; Value = "1"; VariantName = "[No Variations]"
Add component (AddParameter): Name = "Mounting Type"; Value = "Surface Mount, MLCC"; VariantName = "[No Variations]"
Add component (AddParameter): Name = "Operating Temperature"; Value = "-55°C ~ 125°C"; VariantName = "[No Variations]"
Add component (AddParameter): Name = "Package / Case"; Value = "0603 (1608 Metric)"; VariantName = "[No Variations]"
Add component (AddParameter): Name = "Packaging"; Value = "Cut Tape (CT)"; VariantName = "[No Variations]"
Add component (AddParameter): Name = "Part Number"; Value = "GCJ188R71C104KA01D"; VariantName = "[No Variations]"
Add component (AddParameter): Name = "Part Status"; Value = "Active"; VariantName = "[No Variations]"
Add component (AddParameter): Name = "Quantity Available"; Value = "22473"; VariantName = "[No Variations]"
Add component (AddParameter): Name = "Ratings"; Value = "AEC-Q200"; VariantName = "[No Variations]"
Add component (AddParameter): Name = "Series"; Value = "GCJ"; VariantName = "[No Variations]"
Add component (AddParameter): Name = "Size / Dimension"; Value = "0.063" L x 0.031" W (1.60mm x 0.80mm)"; VariantName = "[No Variations]"
Add component (AddParameter): Name = "Temperature Coefficient"; Value = "X7R"; VariantName = "[No Variations]"
Add component (AddParameter): Name = "Thickness (Max)"; Value = "0.035" (0.90mm)"; VariantName = "[No Variations]"
Add component (AddParameter): Name = "Tolerance"; Value = "±10%"; VariantName = "[No Variations]"
Add component (AddParameter): Name = "Unit Price (USD)"; Value = "0.21"; VariantName = "[No Variations]"
Add component (AddParameter): Name = "Value"; Value = "0.10µF"; VariantName = "[No Variations]"
Add component (AddParameter): Name = "Voltage"; Value = "16V"; VariantName = "[No Variations]"
Added Component: Designator=C4(SMD-0603C)
Add component (AddParameter): Name = "@ qty"; Value = "0"; VariantName = "[No Variations]"
Add component (AddParameter): Name = "Applications"; Value = "Automotive, Boardflex Sensitive"; VariantName = "[No Variations]"
Add component (AddParameter): Name = "Datasheets"; Value = "http://www.murata.com/~/media/webrenewal/support/library/catalog/products/capacitor/mlcc/c03e.ashx"; VariantName = "[No Variations]"
Add component (AddParameter): Name = "Digi-Key Part Number"; Value = "490-5796-1-ND"; VariantName = "[No Variations]"
Add component (AddParameter): Name = "Factory Stock"; Value = "0"; VariantName = "[No Variations]"
Add component (AddParameter): Name = "Features"; Value = "Soft Termination"; VariantName = "[No Variations]"
Add component (AddParameter): Name = "Height - Seated (Max)"; Value = "-"; VariantName = "[No Variations]"
Add component (AddParameter): Name = "Image"; Value = "//media.digikey.com/Renders/Murata%20Renders/0603%28LQG18%29.jpg"; VariantName = "[No Variations]"
Add component (AddParameter): Name = "Lead Spacing"; Value = "-"; VariantName = "[No Variations]"
Add component (AddParameter): Name = "Lead Style"; Value = "-"; VariantName = "[No Variations]"
Add component (AddParameter): Name = "Manufacturer"; Value = "Murata Electronics North America"; VariantName = "[No Variations]"
Add component (AddParameter): Name = "Minimum Quantity"; Value = "1"; VariantName = "[No Variations]"
Add component (AddParameter): Name = "Mounting Type"; Value = "Surface Mount, MLCC"; VariantName = "[No Variations]"
Add component (AddParameter): Name = "Operating Temperature"; Value = "-55°C ~ 125°C"; VariantName = "[No Variations]"
Add component (AddParameter): Name = "Package / Case"; Value = "0603 (1608 Metric)"; VariantName = "[No Variations]"
Add component (AddParameter): Name = "Packaging"; Value = "Cut Tape (CT)"; VariantName = "[No Variations]"
Add component (AddParameter): Name = "Part Number"; Value = "GCJ188R71C104KA01D"; VariantName = "[No Variations]"
Add component (AddParameter): Name = "Part Status"; Value = "Active"; VariantName = "[No Variations]"
Add component (AddParameter): Name = "Quantity Available"; Value = "22473"; VariantName = "[No Variations]"
Add component (AddParameter): Name = "Ratings"; Value = "AEC-Q200"; VariantName = "[No Variations]"
Add component (AddParameter): Name = "Series"; Value = "GCJ"; VariantName = "[No Variations]"
Add component (AddParameter): Name = "Size / Dimension"; Value = "0.063" L x 0.031" W (1.60mm x 0.80mm)"; VariantName = "[No Variations]"
Add component (AddParameter): Name = "Temperature Coefficient"; Value = "X7R"; VariantName = "[No Variations]"
Add component (AddParameter): Name = "Thickness (Max)"; Value = "0.035" (0.90mm)"; VariantName = "[No Variations]"
Add component (AddParameter): Name = "Tolerance"; Value = "±10%"; VariantName = "[No Variations]"
Add component (AddParameter): Name = "Unit Price (USD)"; Value = "0.21"; VariantName = "[No Variations]"
Add component (AddParameter): Name = "Value"; Value = "0.10µF"; VariantName = "[No Variations]"
Add component (AddParameter): Name = "Voltage"; Value = "16V"; VariantName = "[No Variations]"
Added Component: Designator=C5(SMD-0603C)
Add component (AddParameter): Name = "@ qty"; Value = "0"; VariantName = "[No Variations]"
Add component (AddParameter): Name = "Applications"; Value = "General Purpose"; VariantName = "[No Variations]"
Add component (AddParameter): Name = "Datasheets"; Value = "http://www.murata.com/~/media/webrenewal/support/library/catalog/products/capacitor/mlcc/c02e.pdf"; VariantName = "[No Variations]"
Add component (AddParameter): Name = "Digi-Key Part Number"; Value = "490-10467-1-ND"; VariantName = "[No Variations]"
Add component (AddParameter): Name = "Factory Stock"; Value = "0"; VariantName = "[No Variations]"
Add component (AddParameter): Name = "Features"; Value = "Derating Recommended"; VariantName = "[No Variations]"
Add component (AddParameter): Name = "Height - Seated (Max)"; Value = "-"; VariantName = "[No Variations]"
Add component (AddParameter): Name = "Image"; Value = "//media.digikey.com/Renders/Murata%20Renders/ZRB-SERIES-0402.jpg"; VariantName = "[No Variations]"
Add component (AddParameter): Name = "Lead Spacing"; Value = "-"; VariantName = "[No Variations]"
Add component (AddParameter): Name = "Lead Style"; Value = "-"; VariantName = "[No Variations]"
Add component (AddParameter): Name = "Manufacturer"; Value = "Murata Electronics North America"; VariantName = "[No Variations]"
Add component (AddParameter): Name = "Minimum Quantity"; Value = "1"; VariantName = "[No Variations]"
Add component (AddParameter): Name = "Mounting Type"; Value = "Surface Mount, MLCC"; VariantName = "[No Variations]"
Add component (AddParameter): Name = "Operating Temperature"; Value = "-55°C ~ 85°C"; VariantName = "[No Variations]"
Add component (AddParameter): Name = "Package / Case"; Value = "0603 (1608 Metric)"; VariantName = "[No Variations]"
Add component (AddParameter): Name = "Packaging"; Value = "Cut Tape (CT)"; VariantName = "[No Variations]"
Add component (AddParameter): Name = "Part Number"; Value = "GRM185R60J106ME15D"; VariantName = "[No Variations]"
Add component (AddParameter): Name = "Part Status"; Value = "Active"; VariantName = "[No Variations]"
Add component (AddParameter): Name = "Quantity Available"; Value = "25068"; VariantName = "[No Variations]"
Add component (AddParameter): Name = "Ratings"; Value = "-"; VariantName = "[No Variations]"
Add component (AddParameter): Name = "Series"; Value = "GRM"; VariantName = "[No Variations]"
Add component (AddParameter): Name = "Size / Dimension"; Value = "0.063" L x 0.031" W (1.60mm x 0.80mm)"; VariantName = "[No Variations]"
Add component (AddParameter): Name = "Temperature Coefficient"; Value = "X5R"; VariantName = "[No Variations]"
Add component (AddParameter): Name = "Thickness (Max)"; Value = "0.022" (0.55mm)"; VariantName = "[No Variations]"
Add component (AddParameter): Name = "Tolerance"; Value = "±20%"; VariantName = "[No Variations]"
Add component (AddParameter): Name = "Unit Price (USD)"; Value = "0.36"; VariantName = "[No Variations]"
Add component (AddParameter): Name = "Value"; Value = "10µF"; VariantName = "[No Variations]"
Add component (AddParameter): Name = "Voltage"; Value = "6.3V"; VariantName = "[No Variations]"
Added Component: Designator=C6(SMD-0603C)
Add component (AddParameter): Name = "@ qty"; Value = "0"; VariantName = "[No Variations]"
Add component (AddParameter): Name = "Applications"; Value = "Automotive"; VariantName = "[No Variations]"
Add component (AddParameter): Name = "Datasheets"; Value = "http://psearch.en.murata.com/capacitor/product/GCM1885C1H100FA16%23.pdf"; VariantName = "[No Variations]"
Add component (AddParameter): Name = "Digi-Key Part Number"; Value = "490-12530-1-ND"; VariantName = "[No Variations]"
Add component (AddParameter): Name = "Factory Stock"; Value = "0"; VariantName = "[No Variations]"
Add component (AddParameter): Name = "Features"; Value = "-"; VariantName = "[No Variations]"
Add component (AddParameter): Name = "Height - Seated (Max)"; Value = "-"; VariantName = "[No Variations]"
Add component (AddParameter): Name = "Image"; Value = "//media.digikey.com/Renders/Murata%20Renders/0603%28GCM188%29.jpg"; VariantName = "[No Variations]"
Add component (AddParameter): Name = "Lead Spacing"; Value = "-"; VariantName = "[No Variations]"
Add component (AddParameter): Name = "Lead Style"; Value = "-"; VariantName = "[No Variations]"
Add component (AddParameter): Name = "Manufacturer"; Value = "Murata Electronics North America"; VariantName = "[No Variations]"
Add component (AddParameter): Name = "Minimum Quantity"; Value = "1"; VariantName = "[No Variations]"
Add component (AddParameter): Name = "Mounting Type"; Value = "Surface Mount, MLCC"; VariantName = "[No Variations]"
Add component (AddParameter): Name = "Operating Temperature"; Value = "-55°C ~ 125°C"; VariantName = "[No Variations]"
Add component (AddParameter): Name = "Package / Case"; Value = "0603 (1608 Metric)"; VariantName = "[No Variations]"
Add component (AddParameter): Name = "Packaging"; Value = "Cut Tape (CT)"; VariantName = "[No Variations]"
Add component (AddParameter): Name = "Part Number"; Value = "GCM1885C1H100FA16D"; VariantName = "[No Variations]"
Add component (AddParameter): Name = "Part Status"; Value = "Active"; VariantName = "[No Variations]"
Add component (AddParameter): Name = "Quantity Available"; Value = "652"; VariantName = "[No Variations]"
Add component (AddParameter): Name = "Ratings"; Value = "AEC-Q200"; VariantName = "[No Variations]"
Add component (AddParameter): Name = "Series"; Value = "GCM"; VariantName = "[No Variations]"
Add component (AddParameter): Name = "Size / Dimension"; Value = "0.063" L x 0.031" W (1.60mm x 0.80mm)"; VariantName = "[No Variations]"
Add component (AddParameter): Name = "Temperature Coefficient"; Value = "C0G, NP0"; VariantName = "[No Variations]"
Add component (AddParameter): Name = "Thickness (Max)"; Value = "0.035" (0.90mm)"; VariantName = "[No Variations]"
Add component (AddParameter): Name = "Tolerance"; Value = "±1%"; VariantName = "[No Variations]"
Add component (AddParameter): Name = "Unit Price (USD)"; Value = "0.11"; VariantName = "[No Variations]"
Add component (AddParameter): Name = "Value"; Value = "10pF"; VariantName = "[No Variations]"
Add component (AddParameter): Name = "Voltage"; Value = "50V"; VariantName = "[No Variations]"
Added Component: Designator=C7(SMD-0603C)
Add component (AddParameter): Name = "@ qty"; Value = "0"; VariantName = "[No Variations]"
Add component (AddParameter): Name = "Applications"; Value = "Automotive"; VariantName = "[No Variations]"
Add component (AddParameter): Name = "Datasheets"; Value = "http://psearch.en.murata.com/capacitor/product/GCM1885C1H100FA16%23.pdf"; VariantName = "[No Variations]"
Add component (AddParameter): Name = "Digi-Key Part Number"; Value = "490-12530-1-ND"; VariantName = "[No Variations]"
Add component (AddParameter): Name = "Factory Stock"; Value = "0"; VariantName = "[No Variations]"
Add component (AddParameter): Name = "Features"; Value = "-"; VariantName = "[No Variations]"
Add component (AddParameter): Name = "Height - Seated (Max)"; Value = "-"; VariantName = "[No Variations]"
Add component (AddParameter): Name = "Image"; Value = "//media.digikey.com/Renders/Murata%20Renders/0603%28GCM188%29.jpg"; VariantName = "[No Variations]"
Add component (AddParameter): Name = "Lead Spacing"; Value = "-"; VariantName = "[No Variations]"
Add component (AddParameter): Name = "Lead Style"; Value = "-"; VariantName = "[No Variations]"
Add component (AddParameter): Name = "Manufacturer"; Value = "Murata Electronics North America"; VariantName = "[No Variations]"
Add component (AddParameter): Name = "Minimum Quantity"; Value = "1"; VariantName = "[No Variations]"
Add component (AddParameter): Name = "Mounting Type"; Value = "Surface Mount, MLCC"; VariantName = "[No Variations]"
Add component (AddParameter): Name = "Operating Temperature"; Value = "-55°C ~ 125°C"; VariantName = "[No Variations]"
Add component (AddParameter): Name = "Package / Case"; Value = "0603 (1608 Metric)"; VariantName = "[No Variations]"
Add component (AddParameter): Name = "Packaging"; Value = "Cut Tape (CT)"; VariantName = "[No Variations]"
Add component (AddParameter): Name = "Part Number"; Value = "GCM1885C1H100FA16D"; VariantName = "[No Variations]"
Add component (AddParameter): Name = "Part Status"; Value = "Active"; VariantName = "[No Variations]"
Add component (AddParameter): Name = "Quantity Available"; Value = "652"; VariantName = "[No Variations]"
Add component (AddParameter): Name = "Ratings"; Value = "AEC-Q200"; VariantName = "[No Variations]"
Add component (AddParameter): Name = "Series"; Value = "GCM"; VariantName = "[No Variations]"
Add component (AddParameter): Name = "Size / Dimension"; Value = "0.063" L x 0.031" W (1.60mm x 0.80mm)"; VariantName = "[No Variations]"
Add component (AddParameter): Name = "Temperature Coefficient"; Value = "C0G, NP0"; VariantName = "[No Variations]"
Add component (AddParameter): Name = "Thickness (Max)"; Value = "0.035" (0.90mm)"; VariantName = "[No Variations]"
Add component (AddParameter): Name = "Tolerance"; Value = "±1%"; VariantName = "[No Variations]"
Add component (AddParameter): Name = "Unit Price (USD)"; Value = "0.11"; VariantName = "[No Variations]"
Add component (AddParameter): Name = "Value"; Value = "10pF"; VariantName = "[No Variations]"
Add component (AddParameter): Name = "Voltage"; Value = "50V"; VariantName = "[No Variations]"
Added Component: Designator=C8(SMD-1206C)
Add component (AddParameter): Name = "@ qty"; Value = "0"; VariantName = "[No Variations]"
Add component (AddParameter): Name = "Applications"; Value = "Automotive"; VariantName = "[No Variations]"
Add component (AddParameter): Name = "Datasheets"; Value = "http://search.murata.co.jp/Ceramy/image/img/A01X/G101/ENG/GC331AD72E333KX01-01.pdf"; VariantName = "[No Variations]"
Add component (AddParameter): Name = "Digi-Key Part Number"; Value = "490-13989-1-ND"; VariantName = "[No Variations]"
Add component (AddParameter): Name = "Factory Stock"; Value = "0"; VariantName = "[No Variations]"
Add component (AddParameter): Name = "Features"; Value = "-"; VariantName = "[No Variations]"
Add component (AddParameter): Name = "Height - Seated (Max)"; Value = "-"; VariantName = "[No Variations]"
Add component (AddParameter): Name = "Image"; Value = "//media.digikey.com/Renders/Murata%20Renders/1206(GC3)320x160.jpg"; VariantName = "[No Variations]"
Add component (AddParameter): Name = "Lead Spacing"; Value = "-"; VariantName = "[No Variations]"
Add component (AddParameter): Name = "Lead Style"; Value = "-"; VariantName = "[No Variations]"
Add component (AddParameter): Name = "Manufacturer"; Value = "Murata Electronics North America"; VariantName = "[No Variations]"
Add component (AddParameter): Name = "Minimum Quantity"; Value = "1"; VariantName = "[No Variations]"
Add component (AddParameter): Name = "Mounting Type"; Value = "Surface Mount, MLCC"; VariantName = "[No Variations]"
Add component (AddParameter): Name = "Operating Temperature"; Value = "-55°C ~ 125°C"; VariantName = "[No Variations]"
Add component (AddParameter): Name = "Package / Case"; Value = "1206 (3216 Metric)"; VariantName = "[No Variations]"
Add component (AddParameter): Name = "Packaging"; Value = "Cut Tape (CT)"; VariantName = "[No Variations]"
Add component (AddParameter): Name = "Part Number"; Value = "GC331AD72E333KX01D"; VariantName = "[No Variations]"
Add component (AddParameter): Name = "Part Status"; Value = "Active"; VariantName = "[No Variations]"
Add component (AddParameter): Name = "Quantity Available"; Value = "3999"; VariantName = "[No Variations]"
Add component (AddParameter): Name = "Ratings"; Value = "AEC-Q200"; VariantName = "[No Variations]"
Add component (AddParameter): Name = "Series"; Value = "GC3"; VariantName = "[No Variations]"
Add component (AddParameter): Name = "Size / Dimension"; Value = "0.126" L x 0.063" W (3.20mm x 1.60mm)"; VariantName = "[No Variations]"
Add component (AddParameter): Name = "Temperature Coefficient"; Value = "X7T"; VariantName = "[No Variations]"
Add component (AddParameter): Name = "Thickness (Max)"; Value = "0.039" (1.00mm)"; VariantName = "[No Variations]"
Add component (AddParameter): Name = "Tolerance"; Value = "±10%"; VariantName = "[No Variations]"
Add component (AddParameter): Name = "Unit Price (USD)"; Value = "0.33"; VariantName = "[No Variations]"
Add component (AddParameter): Name = "Value"; Value = "0.033µF"; VariantName = "[No Variations]"
Add component (AddParameter): Name = "Voltage"; Value = "250V"; VariantName = "[No Variations]"
Added Component: Designator=C9(SMD-1206C)
Add component (AddParameter): Name = "@ qty"; Value = "0"; VariantName = "[No Variations]"
Add component (AddParameter): Name = "Applications"; Value = "Automotive"; VariantName = "[No Variations]"
Add component (AddParameter): Name = "Datasheets"; Value = "http://search.murata.co.jp/Ceramy/image/img/A01X/G101/ENG/GC331AD72E333KX01-01.pdf"; VariantName = "[No Variations]"
Add component (AddParameter): Name = "Digi-Key Part Number"; Value = "490-13989-1-ND"; VariantName = "[No Variations]"
Add component (AddParameter): Name = "Factory Stock"; Value = "0"; VariantName = "[No Variations]"
Add component (AddParameter): Name = "Features"; Value = "-"; VariantName = "[No Variations]"
Add component (AddParameter): Name = "Height - Seated (Max)"; Value = "-"; VariantName = "[No Variations]"
Add component (AddParameter): Name = "Image"; Value = "//media.digikey.com/Renders/Murata%20Renders/1206(GC3)320x160.jpg"; VariantName = "[No Variations]"
Add component (AddParameter): Name = "Lead Spacing"; Value = "-"; VariantName = "[No Variations]"
Add component (AddParameter): Name = "Lead Style"; Value = "-"; VariantName = "[No Variations]"
Add component (AddParameter): Name = "Manufacturer"; Value = "Murata Electronics North America"; VariantName = "[No Variations]"
Add component (AddParameter): Name = "Minimum Quantity"; Value = "1"; VariantName = "[No Variations]"
Add component (AddParameter): Name = "Mounting Type"; Value = "Surface Mount, MLCC"; VariantName = "[No Variations]"
Add component (AddParameter): Name = "Operating Temperature"; Value = "-55°C ~ 125°C"; VariantName = "[No Variations]"
Add component (AddParameter): Name = "Package / Case"; Value = "1206 (3216 Metric)"; VariantName = "[No Variations]"
Add component (AddParameter): Name = "Packaging"; Value = "Cut Tape (CT)"; VariantName = "[No Variations]"
Add component (AddParameter): Name = "Part Number"; Value = "GC331AD72E333KX01D"; VariantName = "[No Variations]"
Add component (AddParameter): Name = "Part Status"; Value = "Active"; VariantName = "[No Variations]"
Add component (AddParameter): Name = "Quantity Available"; Value = "3999"; VariantName = "[No Variations]"
Add component (AddParameter): Name = "Ratings"; Value = "AEC-Q200"; VariantName = "[No Variations]"
Add component (AddParameter): Name = "Series"; Value = "GC3"; VariantName = "[No Variations]"
Add component (AddParameter): Name = "Size / Dimension"; Value = "0.126" L x 0.063" W (3.20mm x 1.60mm)"; VariantName = "[No Variations]"
Add component (AddParameter): Name = "Temperature Coefficient"; Value = "X7T"; VariantName = "[No Variations]"
Add component (AddParameter): Name = "Thickness (Max)"; Value = "0.039" (1.00mm)"; VariantName = "[No Variations]"
Add component (AddParameter): Name = "Tolerance"; Value = "±10%"; VariantName = "[No Variations]"
Add component (AddParameter): Name = "Unit Price (USD)"; Value = "0.33"; VariantName = "[No Variations]"
Add component (AddParameter): Name = "Value"; Value = "0.033µF"; VariantName = "[No Variations]"
Add component (AddParameter): Name = "Voltage"; Value = "250V"; VariantName = "[No Variations]"
Added Component: Designator=C10(SMD-1206C)
Add component (AddParameter): Name = "@ qty"; Value = "0"; VariantName = "[No Variations]"
Add component (AddParameter): Name = "Applications"; Value = "Automotive"; VariantName = "[No Variations]"
Add component (AddParameter): Name = "Datasheets"; Value = "http://search.murata.co.jp/Ceramy/image/img/A01X/G101/ENG/GC331AD72E333KX01-01.pdf"; VariantName = "[No Variations]"
Add component (AddParameter): Name = "Digi-Key Part Number"; Value = "490-13989-1-ND"; VariantName = "[No Variations]"
Add component (AddParameter): Name = "Factory Stock"; Value = "0"; VariantName = "[No Variations]"
Add component (AddParameter): Name = "Features"; Value = "-"; VariantName = "[No Variations]"
Add component (AddParameter): Name = "Height - Seated (Max)"; Value = "-"; VariantName = "[No Variations]"
Add component (AddParameter): Name = "Image"; Value = "//media.digikey.com/Renders/Murata%20Renders/1206(GC3)320x160.jpg"; VariantName = "[No Variations]"
Add component (AddParameter): Name = "Lead Spacing"; Value = "-"; VariantName = "[No Variations]"
Add component (AddParameter): Name = "Lead Style"; Value = "-"; VariantName = "[No Variations]"
Add component (AddParameter): Name = "Manufacturer"; Value = "Murata Electronics North America"; VariantName = "[No Variations]"
Add component (AddParameter): Name = "Minimum Quantity"; Value = "1"; VariantName = "[No Variations]"
Add component (AddParameter): Name = "Mounting Type"; Value = "Surface Mount, MLCC"; VariantName = "[No Variations]"
Add component (AddParameter): Name = "Operating Temperature"; Value = "-55°C ~ 125°C"; VariantName = "[No Variations]"
Add component (AddParameter): Name = "Package / Case"; Value = "1206 (3216 Metric)"; VariantName = "[No Variations]"
Add component (AddParameter): Name = "Packaging"; Value = "Cut Tape (CT)"; VariantName = "[No Variations]"
Add component (AddParameter): Name = "Part Number"; Value = "GC331AD72E333KX01D"; VariantName = "[No Variations]"
Add component (AddParameter): Name = "Part Status"; Value = "Active"; VariantName = "[No Variations]"
Add component (AddParameter): Name = "Quantity Available"; Value = "3999"; VariantName = "[No Variations]"
Add component (AddParameter): Name = "Ratings"; Value = "AEC-Q200"; VariantName = "[No Variations]"
Add component (AddParameter): Name = "Series"; Value = "GC3"; VariantName = "[No Variations]"
Add component (AddParameter): Name = "Size / Dimension"; Value = "0.126" L x 0.063" W (3.20mm x 1.60mm)"; VariantName = "[No Variations]"
Add component (AddParameter): Name = "Temperature Coefficient"; Value = "X7T"; VariantName = "[No Variations]"
Add component (AddParameter): Name = "Thickness (Max)"; Value = "0.039" (1.00mm)"; VariantName = "[No Variations]"
Add component (AddParameter): Name = "Tolerance"; Value = "±10%"; VariantName = "[No Variations]"
Add component (AddParameter): Name = "Unit Price (USD)"; Value = "0.33"; VariantName = "[No Variations]"
Add component (AddParameter): Name = "Value"; Value = "0.033µF"; VariantName = "[No Variations]"
Add component (AddParameter): Name = "Voltage"; Value = "250V"; VariantName = "[No Variations]"
Added Component: Designator=C11(WCAP-ATUL_8x11.5x3.5)
Add component (AddParameter): Name = "ComponentLink1Description"; Value = "Manufacturer"; VariantName = "[No Variations]"
Add component (AddParameter): Name = "ComponentLink1URL"; Value = "http://www.we-online.de"; VariantName = "[No Variations]"
Add component (AddParameter): Name = "ComponentLink2Description"; Value = "Datasheet"; VariantName = "[No Variations]"
Add component (AddParameter): Name = "ComponentLink2URL"; Value = "http://katalog.we-online.com/pbs/datasheet/860040474004.pdf"; VariantName = "[No Variations]"
Add component (AddParameter): Name = "Life Cycle"; Value = "7000h"; VariantName = "[No Variations]"
Add component (AddParameter): Name = "Operating Temperature"; Value = "-40 °C up to +105 °C"; VariantName = "[No Variations]"
Add component (AddParameter): Name = "Part Number"; Value = "860040474004"; VariantName = "[No Variations]"
Add component (AddParameter): Name = "Published Date"; Value = "Sep. 2017"; VariantName = "[No Variations]"
Add component (AddParameter): Name = "Publisher"; Value = "Wurth Elektronik"; VariantName = "[No Variations]"
Add component (AddParameter): Name = "Rated Voltage"; Value = "25 Vdc"; VariantName = "[No Variations]"
Add component (AddParameter): Name = "Size"; Value = "8x11.5mm"; VariantName = "[No Variations]"
Add component (AddParameter): Name = "Value"; Value = "220 uF"; VariantName = "[No Variations]"
Added Component: Designator=C12(WCAP-ATUL_8x11.5x3.5)
Add component (AddParameter): Name = "ComponentLink1Description"; Value = "Manufacturer"; VariantName = "[No Variations]"
Add component (AddParameter): Name = "ComponentLink1URL"; Value = "http://www.we-online.de"; VariantName = "[No Variations]"
Add component (AddParameter): Name = "ComponentLink2Description"; Value = "Datasheet"; VariantName = "[No Variations]"
Add component (AddParameter): Name = "ComponentLink2URL"; Value = "http://katalog.we-online.com/pbs/datasheet/860040474004.pdf"; VariantName = "[No Variations]"
Add component (AddParameter): Name = "Life Cycle"; Value = "7000h"; VariantName = "[No Variations]"
Add component (AddParameter): Name = "Operating Temperature"; Value = "-40 °C up to +105 °C"; VariantName = "[No Variations]"
Add component (AddParameter): Name = "Part Number"; Value = "860040474004"; VariantName = "[No Variations]"
Add component (AddParameter): Name = "Published Date"; Value = "Sep. 2017"; VariantName = "[No Variations]"
Add component (AddParameter): Name = "Publisher"; Value = "Wurth Elektronik"; VariantName = "[No Variations]"
Add component (AddParameter): Name = "Rated Voltage"; Value = "25 Vdc"; VariantName = "[No Variations]"
Add component (AddParameter): Name = "Size"; Value = "8x11.5mm"; VariantName = "[No Variations]"
Add component (AddParameter): Name = "Value"; Value = "220 uF"; VariantName = "[No Variations]"
Added Component: Designator=D1(SOD3716X145N)
Add component (AddParameter): Name = "Arrow Part Number"; Value = "1N4148W-7-F"; VariantName = "[No Variations]"
Add component (AddParameter): Name = "Arrow Price/Stock"; Value = "https://www.arrow.com/en/products/1n4148w-7-f/diodes-incorporated?region=nac"; VariantName = "[No Variations]"
Add component (AddParameter): Name = "Datasheet Link"; Value = "https://componentsearchengine.com/Datasheets/2/1N4148W-7-F.pdf"; VariantName = "[No Variations]"
Add component (AddParameter): Name = "Height"; Value = "1.45mm"; VariantName = "[No Variations]"
Add component (AddParameter): Name = "Manufacturer_Name"; Value = "Diodes Incorporated"; VariantName = "[No Variations]"
Add component (AddParameter): Name = "Manufacturer_Part_Number"; Value = "1N4148W-7-F"; VariantName = "[No Variations]"
Add component (AddParameter): Name = "Mouser Part Number"; Value = "621-1N4148W-F"; VariantName = "[No Variations]"
Add component (AddParameter): Name = "Mouser Price/Stock"; Value = "https://www.mouser.co.uk/ProductDetail/Diodes-Incorporated/1N4148W-7-F?qs=LHX0FizJzg7Ae9ZM8LTAWw%3D%3D"; VariantName = "[No Variations]"
Added Component: Designator=D2(WL-SMCD_0603)
Add component (AddParameter): Name = "Case/Size Code"; Value = "0603"; VariantName = "[No Variations]"
Add component (AddParameter): Name = "Category"; Value = "Signal LEDs"; VariantName = "[No Variations]"
Add component (AddParameter): Name = "Chip Technology"; Value = "AlInGaP"; VariantName = "[No Variations]"
Add component (AddParameter): Name = "ComponentLink1Description"; Value = "Website Link"; VariantName = "[No Variations]"
Add component (AddParameter): Name = "ComponentLink1URL"; Value = "https://www.we-online.com/redexpert/article/150060RS55040?ad"; VariantName = "[No Variations]"
Add component (AddParameter): Name = "ComponentLink2Description"; Value = "Datasheet Link"; VariantName = "[No Variations]"
Add component (AddParameter): Name = "ComponentLink2URL"; Value = "https://www.we-online.com/redexpert/spec/150060RS55040?ad"; VariantName = "[No Variations]"
Add component (AddParameter): Name = "Dominant Wavelength"; Value = "624nm"; VariantName = "[No Variations]"
Add component (AddParameter): Name = "Emitting Color"; Value = "Red"; VariantName = "[No Variations]"
Add component (AddParameter): Name = "Forward Voltage"; Value = "2V"; VariantName = "[No Variations]"
Add component (AddParameter): Name = "Height"; Value = "0.4mm"; VariantName = "[No Variations]"
Add component (AddParameter): Name = "Length"; Value = "1.6mm"; VariantName = "[No Variations]"
Add component (AddParameter): Name = "Luminous Intensity"; Value = "90mcd"; VariantName = "[No Variations]"
Add component (AddParameter): Name = "Manufacturer"; Value = "Wurth Elektronik"; VariantName = "[No Variations]"
Add component (AddParameter): Name = "Manufacturer Part Number"; Value = "150060RS55040"; VariantName = "[No Variations]"
Add component (AddParameter): Name = "Match Code"; Value = "WL-SMCD"; VariantName = "[No Variations]"
Add component (AddParameter): Name = "Mount"; Value = "Surface Mount"; VariantName = "[No Variations]"
Add component (AddParameter): Name = "Operating Temperature Max"; Value = "85°C"; VariantName = "[No Variations]"
Add component (AddParameter): Name = "Operating Temperature Min"; Value = "-40°C"; VariantName = "[No Variations]"
Add component (AddParameter): Name = "Packaging"; Value = "Tape and Reel"; VariantName = "[No Variations]"
Add component (AddParameter): Name = "Peak Wavelength"; Value = "632nm"; VariantName = "[No Variations]"
Add component (AddParameter): Name = "Viewing Angle"; Value = "140°"; VariantName = "[No Variations]"
Add component (AddParameter): Name = "Width"; Value = "0.8mm"; VariantName = "[No Variations]"
Added Component: Designator=D3(SOD3716X145N)
Add component (AddParameter): Name = "Arrow Part Number"; Value = "1N4148W-7-F"; VariantName = "[No Variations]"
Add component (AddParameter): Name = "Arrow Price/Stock"; Value = "https://www.arrow.com/en/products/1n4148w-7-f/diodes-incorporated?region=nac"; VariantName = "[No Variations]"
Add component (AddParameter): Name = "Datasheet Link"; Value = "https://componentsearchengine.com/Datasheets/2/1N4148W-7-F.pdf"; VariantName = "[No Variations]"
Add component (AddParameter): Name = "Height"; Value = "1.45mm"; VariantName = "[No Variations]"
Add component (AddParameter): Name = "Manufacturer_Name"; Value = "Diodes Incorporated"; VariantName = "[No Variations]"
Add component (AddParameter): Name = "Manufacturer_Part_Number"; Value = "1N4148W-7-F"; VariantName = "[No Variations]"
Add component (AddParameter): Name = "Mouser Part Number"; Value = "621-1N4148W-F"; VariantName = "[No Variations]"
Add component (AddParameter): Name = "Mouser Price/Stock"; Value = "https://www.mouser.co.uk/ProductDetail/Diodes-Incorporated/1N4148W-7-F?qs=LHX0FizJzg7Ae9ZM8LTAWw%3D%3D"; VariantName = "[No Variations]"
Added Component: Designator=D4(DIOM4325X250N)
Add component (AddParameter): Name = "Availability"; Value = "Unavailable"; VariantName = "[No Variations]"
Add component (AddParameter): Name = "MF"; Value = ""; VariantName = "[No Variations]"
Add component (AddParameter): Name = "MP"; Value = "SS14"; VariantName = "[No Variations]"
Add component (AddParameter): Name = "Package"; Value = "None"; VariantName = "[No Variations]"
Add component (AddParameter): Name = "Price"; Value = "None"; VariantName = "[No Variations]"
Add component (AddParameter): Name = "Value"; Value = ""; VariantName = "[No Variations]"
Added Component: Designator=D5(DIOM4325X250N)
Add component (AddParameter): Name = "Availability"; Value = "Unavailable"; VariantName = "[No Variations]"
Add component (AddParameter): Name = "MF"; Value = ""; VariantName = "[No Variations]"
Add component (AddParameter): Name = "MP"; Value = "SS14"; VariantName = "[No Variations]"
Add component (AddParameter): Name = "Package"; Value = "None"; VariantName = "[No Variations]"
Add component (AddParameter): Name = "Price"; Value = "None"; VariantName = "[No Variations]"
Add component (AddParameter): Name = "Value"; Value = ""; VariantName = "[No Variations]"
Added Component: Designator=D6(WL-SMCD_0603)
Add component (AddParameter): Name = "Case/Size Code"; Value = "0603"; VariantName = "[No Variations]"
Add component (AddParameter): Name = "Category"; Value = "Signal LEDs"; VariantName = "[No Variations]"
Add component (AddParameter): Name = "Chip Technology"; Value = "AlInGaP"; VariantName = "[No Variations]"
Add component (AddParameter): Name = "ComponentLink1Description"; Value = "Website Link"; VariantName = "[No Variations]"
Add component (AddParameter): Name = "ComponentLink1URL"; Value = "https://www.we-online.com/redexpert/article/150060RS55040?ad"; VariantName = "[No Variations]"
Add component (AddParameter): Name = "ComponentLink2Description"; Value = "Datasheet Link"; VariantName = "[No Variations]"
Add component (AddParameter): Name = "ComponentLink2URL"; Value = "https://www.we-online.com/redexpert/spec/150060RS55040?ad"; VariantName = "[No Variations]"
Add component (AddParameter): Name = "Dominant Wavelength"; Value = "624nm"; VariantName = "[No Variations]"
Add component (AddParameter): Name = "Emitting Color"; Value = "Red"; VariantName = "[No Variations]"
Add component (AddParameter): Name = "Forward Voltage"; Value = "2V"; VariantName = "[No Variations]"
Add component (AddParameter): Name = "Height"; Value = "0.4mm"; VariantName = "[No Variations]"
Add component (AddParameter): Name = "Length"; Value = "1.6mm"; VariantName = "[No Variations]"
Add component (AddParameter): Name = "Luminous Intensity"; Value = "90mcd"; VariantName = "[No Variations]"
Add component (AddParameter): Name = "Manufacturer"; Value = "Wurth Elektronik"; VariantName = "[No Variations]"
Add component (AddParameter): Name = "Manufacturer Part Number"; Value = "150060RS55040"; VariantName = "[No Variations]"
Add component (AddParameter): Name = "Match Code"; Value = "WL-SMCD"; VariantName = "[No Variations]"
Add component (AddParameter): Name = "Mount"; Value = "Surface Mount"; VariantName = "[No Variations]"
Add component (AddParameter): Name = "Operating Temperature Max"; Value = "85°C"; VariantName = "[No Variations]"
Add component (AddParameter): Name = "Operating Temperature Min"; Value = "-40°C"; VariantName = "[No Variations]"
Add component (AddParameter): Name = "Packaging"; Value = "Tape and Reel"; VariantName = "[No Variations]"
Add component (AddParameter): Name = "Peak Wavelength"; Value = "632nm"; VariantName = "[No Variations]"
Add component (AddParameter): Name = "Viewing Angle"; Value = "140°"; VariantName = "[No Variations]"
Add component (AddParameter): Name = "Width"; Value = "0.8mm"; VariantName = "[No Variations]"
Added Component: Designator=IC1(ESP32WROOM32UEM113EH2800UH3Q0)
Add component (AddParameter): Name = "Arrow Part Number"; Value = ""; VariantName = "[No Variations]"
Add component (AddParameter): Name = "Arrow Price/Stock"; Value = ""; VariantName = "[No Variations]"
Add component (AddParameter): Name = "Datasheet Link"; Value = "https://www.espressif.com/sites/default/files/documentation/esp32-wroom-32e_esp32-wroom-32ue_datasheet_en.pdf"; VariantName = "[No Variations]"
Add component (AddParameter): Name = "Height"; Value = "3.25mm"; VariantName = "[No Variations]"
Add component (AddParameter): Name = "Manufacturer_Name"; Value = "Espressif Systems"; VariantName = "[No Variations]"
Add component (AddParameter): Name = "Manufacturer_Part_Number"; Value = "ESP32-WROOM-32E-H4"; VariantName = "[No Variations]"
Add component (AddParameter): Name = "Mouser Part Number"; Value = "356-ESP32WRM320EH3PS"; VariantName = "[No Variations]"
Add component (AddParameter): Name = "Mouser Price/Stock"; Value = "https://www.mouser.co.uk/ProductDetail/Espressif-Systems/ESP32-WROOM-32E-H4?qs=Li%252BoUPsLEnuUxeqGSCz%252BcA%3D%3D"; VariantName = "[No Variations]"
Added Component: Designator=IC2(SOIC127P600X175-8N)
Add component (AddParameter): Name = "Arrow Part Number"; Value = "MCP79402T-I/SN"; VariantName = "[No Variations]"
Add component (AddParameter): Name = "Arrow Price/Stock"; Value = "https://www.arrow.com/en/products/mcp79402t-isn/microchip-technology?region=nac"; VariantName = "[No Variations]"
Add component (AddParameter): Name = "Datasheet Link"; Value = "https://componentsearchengine.com/Datasheets/1/MCP79402T-I_SN.pdf"; VariantName = "[No Variations]"
Add component (AddParameter): Name = "Height"; Value = "1.75mm"; VariantName = "[No Variations]"
Add component (AddParameter): Name = "Manufacturer_Name"; Value = "Microchip"; VariantName = "[No Variations]"
Add component (AddParameter): Name = "Manufacturer_Part_Number"; Value = "MCP79402T-I/SN"; VariantName = "[No Variations]"
Add component (AddParameter): Name = "Mouser Part Number"; Value = "579-MCP79402TISN"; VariantName = "[No Variations]"
Add component (AddParameter): Name = "Mouser Price/Stock"; Value = "https://www.mouser.co.uk/ProductDetail/Microchip-Technology/MCP79402T-I-SN/?qs=ggQiQSXuoRU4tW%252BtaaWOXQ%3D%3D"; VariantName = "[No Variations]"
Added Component: Designator=IC3(SOT229P700X180-4N)
Add component (AddParameter): Name = "Arrow Part Number"; Value = ""; VariantName = "[No Variations]"
Add component (AddParameter): Name = "Arrow Price/Stock"; Value = ""; VariantName = "[No Variations]"
Add component (AddParameter): Name = "Datasheet Link"; Value = "https://datasheet.datasheetarchive.com/originals/distributors/Datasheets-28/DSA-550594.pdf"; VariantName = "[No Variations]"
Add component (AddParameter): Name = "Height"; Value = "1.8mm"; VariantName = "[No Variations]"
Add component (AddParameter): Name = "Manufacturer_Name"; Value = "Advanced"; VariantName = "[No Variations]"
Add component (AddParameter): Name = "Manufacturer_Part_Number"; Value = "AMS1117-3.3"; VariantName = "[No Variations]"
Add component (AddParameter): Name = "Mouser Part Number"; Value = ""; VariantName = "[No Variations]"
Add component (AddParameter): Name = "Mouser Price/Stock"; Value = ""; VariantName = "[No Variations]"
Added Component: Designator=J1(68800211622)
Add component (AddParameter): Name = "ComponentLink1Description"; Value = "Manufacturer"; VariantName = "[No Variations]"
Add component (AddParameter): Name = "ComponentLink1URL"; Value = "http://www.we-online.de"; VariantName = "[No Variations]"
Add component (AddParameter): Name = "ComponentLink2Description"; Value = "Datasheet"; VariantName = "[No Variations]"
Add component (AddParameter): Name = "ComponentLink2URL"; Value = "https://www.we-online.com/catalog/datasheet/68800211622.pdf"; VariantName = "[No Variations]"
Add component (AddParameter): Name = "Contact Resistance"; Value = "20mOhm"; VariantName = "[No Variations]"
Add component (AddParameter): Name = "Gender"; Value = "Male"; VariantName = "[No Variations]"
Add component (AddParameter): Name = "Mounting Technology"; Value = "THT"; VariantName = "[No Variations]"
Add component (AddParameter): Name = "Operating Temperature"; Value = "-25 to +85degC"; VariantName = "[No Variations]"
Add component (AddParameter): Name = "Packaging"; Value = "Bag"; VariantName = "[No Variations]"
Add component (AddParameter): Name = "Part Number"; Value = "68800211622"; VariantName = "[No Variations]"
Add component (AddParameter): Name = "Pin Number"; Value = "2"; VariantName = "[No Variations]"
Add component (AddParameter): Name = "Pitch"; Value = "2.5mm"; VariantName = "[No Variations]"
Add component (AddParameter): Name = "Published Date"; Value = "January 2020"; VariantName = "[No Variations]"
Add component (AddParameter): Name = "Publisher"; Value = "Wurth Elektronik"; VariantName = "[No Variations]"
Add component (AddParameter): Name = "Rated Current"; Value = "3A"; VariantName = "[No Variations]"
Add component (AddParameter): Name = "Type"; Value = "Vertical"; VariantName = "[No Variations]"
Add component (AddParameter): Name = "Withstanding Voltage"; Value = "800VAC"; VariantName = "[No Variations]"
Add component (AddParameter): Name = "Working Voltage"; Value = "250VAC"; VariantName = "[No Variations]"
Added Component: Designator=K1(AZ9431AH12DE)
Add component (AddParameter): Name = "Arrow Part Number"; Value = ""; VariantName = "[No Variations]"
Add component (AddParameter): Name = "Arrow Price/Stock"; Value = ""; VariantName = "[No Variations]"
Add component (AddParameter): Name = "Datasheet Link"; Value = "https://www.azettler.com/pdfs/az943.pdf"; VariantName = "[No Variations]"
Add component (AddParameter): Name = "Height"; Value = "15.95mm"; VariantName = "[No Variations]"
Add component (AddParameter): Name = "Manufacturer_Name"; Value = "Zettler Group"; VariantName = "[No Variations]"
Add component (AddParameter): Name = "Manufacturer_Part_Number"; Value = "AZ943-1AH-12DE"; VariantName = "[No Variations]"
Add component (AddParameter): Name = "Mouser Part Number"; Value = ""; VariantName = "[No Variations]"
Add component (AddParameter): Name = "Mouser Price/Stock"; Value = ""; VariantName = "[No Variations]"
Added Component: Designator=Q1(ONSC-SOT-23-3-318-08_V)
Add component (AddParameter): Name = "ComponentLink1Description"; Value = "Manufacturer URL"; VariantName = "[No Variations]"
Add component (AddParameter): Name = "ComponentLink1URL"; Value = "http://www.onsemi.com/"; VariantName = "[No Variations]"
Add component (AddParameter): Name = "ComponentLink2Description"; Value = "Datasheet"; VariantName = "[No Variations]"
Add component (AddParameter): Name = "ComponentLink2URL"; Value = "http://www.onsemi.cn/pub_link/Collateral/BC846ALT1-D.PDF"; VariantName = "[No Variations]"
Add component (AddParameter): Name = "ComponentLink3Description"; Value = "Package Specification"; VariantName = "[No Variations]"
Add component (AddParameter): Name = "ComponentLink3URL"; Value = "http://www.onsemi.cn/pub_link/Collateral/318-08.PDF"; VariantName = "[No Variations]"
Add component (AddParameter): Name = "DatasheetVersion"; Value = "Rev. 11"; VariantName = "[No Variations]"
Add component (AddParameter): Name = "fT Min (MHz)"; Value = "100"; VariantName = "[No Variations]"
Add component (AddParameter): Name = "IC Continuous (A)"; Value = "0.1"; VariantName = "[No Variations]"
Add component (AddParameter): Name = "Manufacturer"; Value = "On Semiconductor"; VariantName = "[No Variations]"
Add component (AddParameter): Name = "Mounting Technology"; Value = "Surface Mount"; VariantName = "[No Variations]"
Add component (AddParameter): Name = "PackageDescription"; Value = "3-Pin Small Outline Transistor, Body 2.92 x 1.3 mm, Pitch 0.95 mm"; VariantName = "[No Variations]"
Add component (AddParameter): Name = "PackageReference"; Value = "SOT-23-3-318-08"; VariantName = "[No Variations]"
Add component (AddParameter): Name = "PackageVersion"; Value = "Rev. AP, 11/2009"; VariantName = "[No Variations]"
Add component (AddParameter): Name = "Packing"; Value = "Tape and Reel"; VariantName = "[No Variations]"
Add component (AddParameter): Name = "PartNumber"; Value = "BC847ALT1"; VariantName = "[No Variations]"
Add component (AddParameter): Name = "Polarity"; Value = "NPN"; VariantName = "[No Variations]"
Add component (AddParameter): Name = "RoHS"; Value = "FALSE"; VariantName = "[No Variations]"
Add component (AddParameter): Name = "Supplier 1"; Value = "Digi-Key"; VariantName = "[No Variations]"
Add component (AddParameter): Name = "Supplier Part Number 1"; Value = "BC847ALT1OSCT-ND"; VariantName = "[No Variations]"
Added Component: Designator=R1(SMD-0603-RES)
Add component (AddParameter): Name = "@ qty"; Value = "1500"; VariantName = "[No Variations]"
Add component (AddParameter): Name = "Composition"; Value = "Thick Film"; VariantName = "[No Variations]"
Add component (AddParameter): Name = "Datasheets"; Value = "http://industrial.panasonic.com/www-cgi/jvcr13pz.cgi?E+PZ+3+AOA0002+ERJ3EKF1002V+7+WW"; VariantName = "[No Variations]"
Add component (AddParameter): Name = "Digi-Key Part Number"; Value = "P10.0KHCT-ND"; VariantName = "[No Variations]"
Add component (AddParameter): Name = "Factory Stock"; Value = "0"; VariantName = "[No Variations]"
Add component (AddParameter): Name = "Failure Rate"; Value = "-"; VariantName = "[No Variations]"
Add component (AddParameter): Name = "Features"; Value = "Automotive AEC-Q200"; VariantName = "[No Variations]"
Add component (AddParameter): Name = "Height - Seated (Max)"; Value = "0.022" (0.55mm)"; VariantName = "[No Variations]"
Add component (AddParameter): Name = "Image"; Value = "//media.digikey.com/Photos/Panasonic%20Photos/MFG_ERJ-P6W%20Series.jpg"; VariantName = "[No Variations]"
Add component (AddParameter): Name = "Manufacturer"; Value = "Panasonic Electronic Components"; VariantName = "[No Variations]"
Add component (AddParameter): Name = "Minimum Quantity"; Value = "1"; VariantName = "[No Variations]"
Add component (AddParameter): Name = "Number of Terminations"; Value = "2"; VariantName = "[No Variations]"
Add component (AddParameter): Name = "Operating Temperature"; Value = "-55°C ~ 155°C"; VariantName = "[No Variations]"
Add component (AddParameter): Name = "Package / Case"; Value = "0603 (1608 Metric)"; VariantName = "[No Variations]"
Add component (AddParameter): Name = "Packaging"; Value = "Cut Tape (CT)"; VariantName = "[No Variations]"
Add component (AddParameter): Name = "Part Number"; Value = "ERJ-3EKF1002V"; VariantName = "[No Variations]"
Add component (AddParameter): Name = "Part Status"; Value = "Active"; VariantName = "[No Variations]"
Add component (AddParameter): Name = "Power (Watts)"; Value = "0.1W, 1/10W"; VariantName = "[No Variations]"
Add component (AddParameter): Name = "Quantity Available"; Value = "6703141"; VariantName = "[No Variations]"
Add component (AddParameter): Name = "Series"; Value = "ERJ"; VariantName = "[No Variations]"
Add component (AddParameter): Name = "Size / Dimension"; Value = "0.063" L x 0.031" W (1.60mm x 0.80mm)"; VariantName = "[No Variations]"
Add component (AddParameter): Name = "Supplier Device Package"; Value = "0603"; VariantName = "[No Variations]"
Add component (AddParameter): Name = "Temperature Coefficient"; Value = "±100ppm/°C"; VariantName = "[No Variations]"
Add component (AddParameter): Name = "Tolerance"; Value = "±1%"; VariantName = "[No Variations]"
Add component (AddParameter): Name = "Unit Price (USD)"; Value = "0.00379"; VariantName = "[No Variations]"
Add component (AddParameter): Name = "Value"; Value = "10k"; VariantName = "[No Variations]"
Added Component: Designator=R2(SMD-0603-RES)
Add component (AddParameter): Name = "@ qty"; Value = "1500"; VariantName = "[No Variations]"
Add component (AddParameter): Name = "Composition"; Value = "Thick Film"; VariantName = "[No Variations]"
Add component (AddParameter): Name = "Datasheets"; Value = "http://industrial.panasonic.com/www-cgi/jvcr13pz.cgi?E+PZ+3+AOA0002+ERJ3EKF1001V+7+WW"; VariantName = "[No Variations]"
Add component (AddParameter): Name = "Digi-Key Part Number"; Value = "P1.00KHCT-ND"; VariantName = "[No Variations]"
Add component (AddParameter): Name = "Factory Stock"; Value = "0"; VariantName = "[No Variations]"
Add component (AddParameter): Name = "Failure Rate"; Value = "-"; VariantName = "[No Variations]"
Add component (AddParameter): Name = "Features"; Value = "Automotive AEC-Q200"; VariantName = "[No Variations]"
Add component (AddParameter): Name = "Height - Seated (Max)"; Value = "0.022" (0.55mm)"; VariantName = "[No Variations]"
Add component (AddParameter): Name = "Image"; Value = "//media.digikey.com/Photos/Panasonic%20Photos/MFG_ERJ-P6W%20Series.jpg"; VariantName = "[No Variations]"
Add component (AddParameter): Name = "Manufacturer"; Value = "Panasonic Electronic Components"; VariantName = "[No Variations]"
Add component (AddParameter): Name = "Minimum Quantity"; Value = "1"; VariantName = "[No Variations]"
Add component (AddParameter): Name = "Number of Terminations"; Value = "2"; VariantName = "[No Variations]"
Add component (AddParameter): Name = "Operating Temperature"; Value = "-55°C ~ 155°C"; VariantName = "[No Variations]"
Add component (AddParameter): Name = "Package / Case"; Value = "0603 (1608 Metric)"; VariantName = "[No Variations]"
Add component (AddParameter): Name = "Packaging"; Value = "Cut Tape (CT)"; VariantName = "[No Variations]"
Add component (AddParameter): Name = "Part Number"; Value = "ERJ-3EKF1001V"; VariantName = "[No Variations]"
Add component (AddParameter): Name = "Part Status"; Value = "Active"; VariantName = "[No Variations]"
Add component (AddParameter): Name = "Power (Watts)"; Value = "0.1W, 1/10W"; VariantName = "[No Variations]"
Add component (AddParameter): Name = "Quantity Available"; Value = "5218845"; VariantName = "[No Variations]"
Add component (AddParameter): Name = "Series"; Value = "ERJ"; VariantName = "[No Variations]"
Add component (AddParameter): Name = "Size / Dimension"; Value = "0.063" L x 0.031" W (1.60mm x 0.80mm)"; VariantName = "[No Variations]"
Add component (AddParameter): Name = "Supplier Device Package"; Value = "0603"; VariantName = "[No Variations]"
Add component (AddParameter): Name = "Temperature Coefficient"; Value = "±100ppm/°C"; VariantName = "[No Variations]"
Add component (AddParameter): Name = "Tolerance"; Value = "±1%"; VariantName = "[No Variations]"
Add component (AddParameter): Name = "Unit Price (USD)"; Value = "0.00379"; VariantName = "[No Variations]"
Add component (AddParameter): Name = "Value"; Value = "1k"; VariantName = "[No Variations]"
Added Component: Designator=R3(SMD-0603-RES)
Add component (AddParameter): Name = "@ qty"; Value = "1500"; VariantName = "[No Variations]"
Add component (AddParameter): Name = "Composition"; Value = "Thick Film"; VariantName = "[No Variations]"
Add component (AddParameter): Name = "Datasheets"; Value = "http://industrial.panasonic.com/www-cgi/jvcr13pz.cgi?E+PZ+3+AOA0002+ERJ3EKF1002V+7+WW"; VariantName = "[No Variations]"
Add component (AddParameter): Name = "Digi-Key Part Number"; Value = "P10.0KHCT-ND"; VariantName = "[No Variations]"
Add component (AddParameter): Name = "Factory Stock"; Value = "0"; VariantName = "[No Variations]"
Add component (AddParameter): Name = "Failure Rate"; Value = "-"; VariantName = "[No Variations]"
Add component (AddParameter): Name = "Features"; Value = "Automotive AEC-Q200"; VariantName = "[No Variations]"
Add component (AddParameter): Name = "Height - Seated (Max)"; Value = "0.022" (0.55mm)"; VariantName = "[No Variations]"
Add component (AddParameter): Name = "Image"; Value = "//media.digikey.com/Photos/Panasonic%20Photos/MFG_ERJ-P6W%20Series.jpg"; VariantName = "[No Variations]"
Add component (AddParameter): Name = "Manufacturer"; Value = "Panasonic Electronic Components"; VariantName = "[No Variations]"
Add component (AddParameter): Name = "Minimum Quantity"; Value = "1"; VariantName = "[No Variations]"
Add component (AddParameter): Name = "Number of Terminations"; Value = "2"; VariantName = "[No Variations]"
Add component (AddParameter): Name = "Operating Temperature"; Value = "-55°C ~ 155°C"; VariantName = "[No Variations]"
Add component (AddParameter): Name = "Package / Case"; Value = "0603 (1608 Metric)"; VariantName = "[No Variations]"
Add component (AddParameter): Name = "Packaging"; Value = "Cut Tape (CT)"; VariantName = "[No Variations]"
Add component (AddParameter): Name = "Part Number"; Value = "ERJ-3EKF1002V"; VariantName = "[No Variations]"
Add component (AddParameter): Name = "Part Status"; Value = "Active"; VariantName = "[No Variations]"
Add component (AddParameter): Name = "Power (Watts)"; Value = "0.1W, 1/10W"; VariantName = "[No Variations]"
Add component (AddParameter): Name = "Quantity Available"; Value = "6703141"; VariantName = "[No Variations]"
Add component (AddParameter): Name = "Series"; Value = "ERJ"; VariantName = "[No Variations]"
Add component (AddParameter): Name = "Size / Dimension"; Value = "0.063" L x 0.031" W (1.60mm x 0.80mm)"; VariantName = "[No Variations]"
Add component (AddParameter): Name = "Supplier Device Package"; Value = "0603"; VariantName = "[No Variations]"
Add component (AddParameter): Name = "Temperature Coefficient"; Value = "±100ppm/°C"; VariantName = "[No Variations]"
Add component (AddParameter): Name = "Tolerance"; Value = "±1%"; VariantName = "[No Variations]"
Add component (AddParameter): Name = "Unit Price (USD)"; Value = "0.00379"; VariantName = "[No Variations]"
Add component (AddParameter): Name = "Value"; Value = "10k"; VariantName = "[No Variations]"
Added Component: Designator=R4(SMD-0402-RES)
Add component (AddParameter): Name = "@ qty"; Value = "1500"; VariantName = "[No Variations]"
Add component (AddParameter): Name = "Composition"; Value = "Thick Film"; VariantName = "[No Variations]"
Add component (AddParameter): Name = "Datasheets"; Value = "http://industrial.panasonic.com/www-cgi/jvcr13pz.cgi?E+PZ+3+AOA0001+ERJ2GEJ472X+7+WW"; VariantName = "[No Variations]"
Add component (AddParameter): Name = "Digi-Key Part Number"; Value = "P4.7KJCT-ND"; VariantName = "[No Variations]"
Add component (AddParameter): Name = "Factory Stock"; Value = "0"; VariantName = "[No Variations]"
Add component (AddParameter): Name = "Failure Rate"; Value = "-"; VariantName = "[No Variations]"
Add component (AddParameter): Name = "Features"; Value = "Automotive AEC-Q200"; VariantName = "[No Variations]"
Add component (AddParameter): Name = "Height - Seated (Max)"; Value = "0.016" (0.40mm)"; VariantName = "[No Variations]"
Add component (AddParameter): Name = "Image"; Value = "//media.digikey.com/Photos/Panasonic%20Photos/ERJ-PA2-Series.jpg"; VariantName = "[No Variations]"
Add component (AddParameter): Name = "Manufacturer"; Value = "Panasonic Electronic Components"; VariantName = "[No Variations]"
Add component (AddParameter): Name = "Minimum Quantity"; Value = "1"; VariantName = "[No Variations]"
Add component (AddParameter): Name = "Number of Terminations"; Value = "2"; VariantName = "[No Variations]"
Add component (AddParameter): Name = "Operating Temperature"; Value = "-55°C ~ 155°C"; VariantName = "[No Variations]"
Add component (AddParameter): Name = "Package / Case"; Value = "0402 (1005 Metric)"; VariantName = "[No Variations]"
Add component (AddParameter): Name = "Packaging"; Value = "Cut Tape (CT)"; VariantName = "[No Variations]"
Add component (AddParameter): Name = "Part Number"; Value = "ERJ-2GEJ472X"; VariantName = "[No Variations]"
Add component (AddParameter): Name = "Part Status"; Value = "Active"; VariantName = "[No Variations]"
Add component (AddParameter): Name = "Power (Watts)"; Value = "0.1W, 1/10W"; VariantName = "[No Variations]"
Add component (AddParameter): Name = "Quantity Available"; Value = "8551774"; VariantName = "[No Variations]"
Add component (AddParameter): Name = "Series"; Value = "ERJ"; VariantName = "[No Variations]"
Add component (AddParameter): Name = "Size / Dimension"; Value = "0.039" L x 0.020" W (1.00mm x 0.50mm)"; VariantName = "[No Variations]"
Add component (AddParameter): Name = "Supplier Device Package"; Value = "0402"; VariantName = "[No Variations]"
Add component (AddParameter): Name = "Temperature Coefficient"; Value = "±200ppm/°C"; VariantName = "[No Variations]"
Add component (AddParameter): Name = "Tolerance"; Value = "±5%"; VariantName = "[No Variations]"
Add component (AddParameter): Name = "Unit Price (USD)"; Value = "0.00350"; VariantName = "[No Variations]"
Add component (AddParameter): Name = "Value"; Value = "4.7k"; VariantName = "[No Variations]"
Added Component: Designator=R5(SMD-0402-RES)
Add component (AddParameter): Name = "@ qty"; Value = "1500"; VariantName = "[No Variations]"
Add component (AddParameter): Name = "Composition"; Value = "Thick Film"; VariantName = "[No Variations]"
Add component (AddParameter): Name = "Datasheets"; Value = "http://industrial.panasonic.com/www-cgi/jvcr13pz.cgi?E+PZ+3+AOA0001+ERJ2GEJ472X+7+WW"; VariantName = "[No Variations]"
Add component (AddParameter): Name = "Digi-Key Part Number"; Value = "P4.7KJCT-ND"; VariantName = "[No Variations]"
Add component (AddParameter): Name = "Factory Stock"; Value = "0"; VariantName = "[No Variations]"
Add component (AddParameter): Name = "Failure Rate"; Value = "-"; VariantName = "[No Variations]"
Add component (AddParameter): Name = "Features"; Value = "Automotive AEC-Q200"; VariantName = "[No Variations]"
Add component (AddParameter): Name = "Height - Seated (Max)"; Value = "0.016" (0.40mm)"; VariantName = "[No Variations]"
Add component (AddParameter): Name = "Image"; Value = "//media.digikey.com/Photos/Panasonic%20Photos/ERJ-PA2-Series.jpg"; VariantName = "[No Variations]"
Add component (AddParameter): Name = "Manufacturer"; Value = "Panasonic Electronic Components"; VariantName = "[No Variations]"
Add component (AddParameter): Name = "Minimum Quantity"; Value = "1"; VariantName = "[No Variations]"
Add component (AddParameter): Name = "Number of Terminations"; Value = "2"; VariantName = "[No Variations]"
Add component (AddParameter): Name = "Operating Temperature"; Value = "-55°C ~ 155°C"; VariantName = "[No Variations]"
Add component (AddParameter): Name = "Package / Case"; Value = "0402 (1005 Metric)"; VariantName = "[No Variations]"
Add component (AddParameter): Name = "Packaging"; Value = "Cut Tape (CT)"; VariantName = "[No Variations]"
Add component (AddParameter): Name = "Part Number"; Value = "ERJ-2GEJ472X"; VariantName = "[No Variations]"
Add component (AddParameter): Name = "Part Status"; Value = "Active"; VariantName = "[No Variations]"
Add component (AddParameter): Name = "Power (Watts)"; Value = "0.1W, 1/10W"; VariantName = "[No Variations]"
Add component (AddParameter): Name = "Quantity Available"; Value = "8551774"; VariantName = "[No Variations]"
Add component (AddParameter): Name = "Series"; Value = "ERJ"; VariantName = "[No Variations]"
Add component (AddParameter): Name = "Size / Dimension"; Value = "0.039" L x 0.020" W (1.00mm x 0.50mm)"; VariantName = "[No Variations]"
Add component (AddParameter): Name = "Supplier Device Package"; Value = "0402"; VariantName = "[No Variations]"
Add component (AddParameter): Name = "Temperature Coefficient"; Value = "±200ppm/°C"; VariantName = "[No Variations]"
Add component (AddParameter): Name = "Tolerance"; Value = "±5%"; VariantName = "[No Variations]"
Add component (AddParameter): Name = "Unit Price (USD)"; Value = "0.00350"; VariantName = "[No Variations]"
Add component (AddParameter): Name = "Value"; Value = "4.7k"; VariantName = "[No Variations]"
Added Component: Designator=R6(SMD-0805-RES)
Add component (AddParameter): Name = "@ qty"; Value = "1500"; VariantName = "[No Variations]"
Add component (AddParameter): Name = "Composition"; Value = "Thick Film"; VariantName = "[No Variations]"
Add component (AddParameter): Name = "Datasheets"; Value = "https://industrial.panasonic.com/cdbs/www-data/pdf/RDA0000/AOA0000C239.pdf"; VariantName = "[No Variations]"
Add component (AddParameter): Name = "Digi-Key Part Number"; Value = "P17499CT-ND"; VariantName = "[No Variations]"
Add component (AddParameter): Name = "Factory Stock"; Value = "0"; VariantName = "[No Variations]"
Add component (AddParameter): Name = "Failure Rate"; Value = "-"; VariantName = "[No Variations]"
Add component (AddParameter): Name = "Features"; Value = "Automotive AEC-Q200, Current Sense"; VariantName = "[No Variations]"
Add component (AddParameter): Name = "Height - Seated (Max)"; Value = "0.028" (0.70mm)"; VariantName = "[No Variations]"
Add component (AddParameter): Name = "Image"; Value = "//media.digikey.com/Renders/Panasonic%20Renders/ERJ-0805%20Pkg.jpg"; VariantName = "[No Variations]"
Add component (AddParameter): Name = "Manufacturer"; Value = "Panasonic Electronic Components"; VariantName = "[No Variations]"
Add component (AddParameter): Name = "Minimum Quantity"; Value = "1"; VariantName = "[No Variations]"
Add component (AddParameter): Name = "Number of Terminations"; Value = "2"; VariantName = "[No Variations]"
Add component (AddParameter): Name = "Operating Temperature"; Value = "-55°C ~ 125°C"; VariantName = "[No Variations]"
Add component (AddParameter): Name = "Package / Case"; Value = "0805 (2012 Metric)"; VariantName = "[No Variations]"
Add component (AddParameter): Name = "Packaging"; Value = "Cut Tape (CT)"; VariantName = "[No Variations]"
Add component (AddParameter): Name = "Part Number"; Value = "ERJ-6BQF1R0V"; VariantName = "[No Variations]"
Add component (AddParameter): Name = "Part Status"; Value = "Active"; VariantName = "[No Variations]"
Add component (AddParameter): Name = "Power (Watts)"; Value = "0.333W, 1/3W"; VariantName = "[No Variations]"
Add component (AddParameter): Name = "Quantity Available"; Value = "808"; VariantName = "[No Variations]"
Add component (AddParameter): Name = "Series"; Value = "ERJ"; VariantName = "[No Variations]"
Add component (AddParameter): Name = "Size / Dimension"; Value = "0.079" L x 0.049" W (2.00mm x 1.25mm)"; VariantName = "[No Variations]"
Add component (AddParameter): Name = "Supplier Device Package"; Value = "0805"; VariantName = "[No Variations]"
Add component (AddParameter): Name = "Temperature Coefficient"; Value = "±200ppm/°C"; VariantName = "[No Variations]"
Add component (AddParameter): Name = "Tolerance"; Value = "±1%"; VariantName = "[No Variations]"
Add component (AddParameter): Name = "Unit Price (USD)"; Value = "0.05834"; VariantName = "[No Variations]"
Add component (AddParameter): Name = "Value"; Value = "1"; VariantName = "[No Variations]"
Added Component: Designator=Y1(SC32S7PF20PPM)
Add component (AddParameter): Name = "Arrow Part Number"; Value = ""; VariantName = "[No Variations]"
Add component (AddParameter): Name = "Arrow Price/Stock"; Value = ""; VariantName = "[No Variations]"
Add component (AddParameter): Name = "Datasheet Link"; Value = "https://www.mouser.com/datasheet/2/360/file_PRODUCT_MASTER_50812_GRAPHIC03-542305.pdf"; VariantName = "[No Variations]"
Add component (AddParameter): Name = "Manufacturer_Name"; Value = "Seiko Semiconductors"; VariantName = "[No Variations]"
Add component (AddParameter): Name = "Manufacturer_Part_Number"; Value = "SC32S-7PF20PPM"; VariantName = "[No Variations]"
Add component (AddParameter): Name = "Mouser Part Number"; Value = "628-SC32S-7PF20PPM"; VariantName = "[No Variations]"
Add component (AddParameter): Name = "Mouser Price/Stock"; Value = "https://www.mouser.co.uk/ProductDetail/Seiko-Semiconductors/SC32S-7PF20PPM?qs=3CPZD7qAgigZSR1ASVAS6w%3D%3D"; VariantName = "[No Variations]"
Added Pin To Net: NetName=+3.3v Pin=C2-1
Added Pin To Net: NetName=+3.3v Pin=C3-1
Added Pin To Net: NetName=+3.3v Pin=C4-1
Added Pin To Net: NetName=+3.3v Pin=C5-1
Added Pin To Net: NetName=+3.3v Pin=C8-1
Added Pin To Net: NetName=+3.3v Pin=C10-1
Added Pin To Net: NetName=+3.3v Pin=C11-1
Added Pin To Net: NetName=+3.3v Pin=D5-C
Added Pin To Net: NetName=+3.3v Pin=IC1-2
Added Pin To Net: NetName=+3.3v Pin=IC2-8
Added Pin To Net: NetName=+3.3v Pin=IC3-2
Added Pin To Net: NetName=+3.3v Pin=R1-2
Added Pin To Net: NetName=+3.3v Pin=R4-1
Added Pin To Net: NetName=+3.3v Pin=R5-1
Added Pin To Net: NetName=+3.3v Pin=R6-1
Added Net: Name=+3.3v
Added Pin To Net: NetName=+12v Pin=C9-1
Added Pin To Net: NetName=+12v Pin=C12-1
Added Pin To Net: NetName=+12v Pin=D3-2
Added Pin To Net: NetName=+12v Pin=D4-C
Added Pin To Net: NetName=+12v Pin=IC3-3
Added Net: Name=+12v
Added Pin To Net: NetName=GND Pin=BT1-2
Added Pin To Net: NetName=GND Pin=C2-2
Added Pin To Net: NetName=GND Pin=C3-2
Added Pin To Net: NetName=GND Pin=C4-2
Added Pin To Net: NetName=GND Pin=C5-2
Added Pin To Net: NetName=GND Pin=C6-2
Added Pin To Net: NetName=GND Pin=C7-2
Added Pin To Net: NetName=GND Pin=C8-2
Added Pin To Net: NetName=GND Pin=C9-2
Added Pin To Net: NetName=GND Pin=C10-2
Added Pin To Net: NetName=GND Pin=C11-2
Added Pin To Net: NetName=GND Pin=C12-2
Added Pin To Net: NetName=GND Pin=D5-A
Added Pin To Net: NetName=GND Pin=D6-1
Added Pin To Net: NetName=GND Pin=IC1-1
Added Pin To Net: NetName=GND Pin=IC1-14
Added Pin To Net: NetName=GND Pin=IC1-15
Added Pin To Net: NetName=GND Pin=IC1-38
Added Pin To Net: NetName=GND Pin=IC1-39
Added Pin To Net: NetName=GND Pin=IC3-1
Added Pin To Net: NetName=GND Pin=J1-1
Added Pin To Net: NetName=GND Pin=Q1-2
Added Pin To Net: NetName=GND Pin=R3-1
Added Net: Name=GND
Added Pin To Net: NetName=Net1_1 Pin=1-1
Added Pin To Net: NetName=Net1_1 Pin=K1-1
Added Net: Name=Net1_1
Added Pin To Net: NetName=Net1_2 Pin=1-2
Added Pin To Net: NetName=Net1_2 Pin=K1-3
Added Net: Name=Net1_2
Added Pin To Net: NetName=NetBT1_1 Pin=BT1-1
Added Pin To Net: NetName=NetBT1_1 Pin=IC2-3
Added Net: Name=NetBT1_1
Added Pin To Net: NetName=NetD1_1 Pin=D1-1
Added Pin To Net: NetName=NetD1_1 Pin=D3-1
Added Pin To Net: NetName=NetD1_1 Pin=K1-5
Added Net: Name=NetD1_1
Added Pin To Net: NetName=NetD1_2 Pin=D1-2
Added Pin To Net: NetName=NetD1_2 Pin=K1-2
Added Pin To Net: NetName=NetD1_2 Pin=Q1-3
Added Net: Name=NetD1_2
Added Pin To Net: NetName=NetD2_2 Pin=D2-2
Added Pin To Net: NetName=NetD2_2 Pin=R2-1
Added Net: Name=NetD2_2
Added Pin To Net: NetName=NetD4_A Pin=D4-A
Added Pin To Net: NetName=NetD4_A Pin=J1-2
Added Net: Name=NetD4_A
Added Pin To Net: NetName=NetD6_2 Pin=D6-2
Added Pin To Net: NetName=NetD6_2 Pin=R6-2
Added Net: Name=NetD6_2
Added Pin To Net: NetName=NetIC1_3 Pin=IC1-3
Added Pin To Net: NetName=NetIC1_3 Pin=R1-1
Added Net: Name=NetIC1_3
Added Pin To Net: NetName=NetQ1_1 Pin=Q1-1
Added Pin To Net: NetName=NetQ1_1 Pin=R2-2
Added Pin To Net: NetName=NetQ1_1 Pin=R3-2
Added Net: Name=NetQ1_1
Added Pin To Net: NetName=PB4/RELAY Pin=D2-1
Added Net: Name=PB4/RELAY
Added Pin To Net: NetName=SCLK Pin=IC2-6
Added Pin To Net: NetName=SCLK Pin=R4-2
Added Net: Name=SCLK
Added Pin To Net: NetName=SDA Pin=IC2-5
Added Pin To Net: NetName=SDA Pin=R5-2
Added Net: Name=SDA
Added Pin To Net: NetName=x1 Pin=C6-1
Added Pin To Net: NetName=x1 Pin=IC2-1
Added Pin To Net: NetName=x1 Pin=Y1-1
Added Net: Name=x1
Added Pin To Net: NetName=x2 Pin=C7-1
Added Pin To Net: NetName=x2 Pin=IC2-2
Added Pin To Net: NetName=x2 Pin=Y1-2
Added Net: Name=x2
Added Class: Name=main
Added Class: Name=power supply
Added Class: Name=relay and rtc
Added Room: Name=main
Added Room: Name=power supply
Added Room: Name=relay and rtc
