Change Component DesignItemId : Designator=R4 Old DesignItemId=ERJ-2GEJ472X New DesignItemId=ERJ-3EKF4701V
Change Component Footprint: Designator=R4 Old Footprint=SMD-0402-RES New Footprint=SMD-0603-RES
Change Component Description : Designator=R4 Old Description=RES SMD 4.7K OHM 5% 1/10W 0402 New Description=RES SMD 4.7K OHM 1% 1/10W 0603
Change Component Library : Designator=R4 Old Library=Panasonic_ERJ_0402.IntLib New Library=Panasonic_ERJ_0603.IntLib
Change Component Library : Designator=R5 Old Library=Panasonic_ERJ_0402.IntLib New Library=Panasonic_ERJ_0603.IntLib
Change component parameters: Designator = "R4" ("R4"); Footprint = "SMD-0402-RES"; UniqueID = "\KLBWBDHS" ("\KLBWBDHS")
Change component parameters (AddParameter): Name = "@ qty"; Value = "1500"; VariantName = "[No Variations]"
Change component parameters (AddParameter): Name = "Composition"; Value = "Thick Film"; VariantName = "[No Variations]"
Change component parameters (AddParameter): Name = "Datasheets"; Value = "http://industrial.panasonic.com/www-cgi/jvcr13pz.cgi?E+PZ+3+AOA0002+ERJ3EKF4701V+7+WW"; VariantName = "[No Variations]"
Change component parameters (AddParameter): Name = "Digi-Key Part Number"; Value = "P4.70KHCT-ND"; VariantName = "[No Variations]"
Change component parameters (AddParameter): Name = "Factory Stock"; Value = "0"; VariantName = "[No Variations]"
Change component parameters (AddParameter): Name = "Failure Rate"; Value = "-"; VariantName = "[No Variations]"
Change component parameters (AddParameter): Name = "Features"; Value = "Automotive AEC-Q200"; VariantName = "[No Variations]"
Change component parameters (AddParameter): Name = "Height - Seated (Max)"; Value = "0.022" (0.55mm)"; VariantName = "[No Variations]"
Change component parameters (AddParameter): Name = "Image"; Value = "//media.digikey.com/Photos/Panasonic%20Photos/MFG_ERJ-P6W%20Series.jpg"; VariantName = "[No Variations]"
Change component parameters (AddParameter): Name = "Manufacturer"; Value = "Panasonic Electronic Components"; VariantName = "[No Variations]"
Change component parameters (AddParameter): Name = "Minimum Quantity"; Value = "1"; VariantName = "[No Variations]"
Change component parameters (AddParameter): Name = "Number of Terminations"; Value = "2"; VariantName = "[No Variations]"
Change component parameters (AddParameter): Name = "Operating Temperature"; Value = "-55°C ~ 155°C"; VariantName = "[No Variations]"
Change component parameters (AddParameter): Name = "Package / Case"; Value = "0603 (1608 Metric)"; VariantName = "[No Variations]"
Change component parameters (AddParameter): Name = "Packaging"; Value = "Cut Tape (CT)"; VariantName = "[No Variations]"
Change component parameters (AddParameter): Name = "Part Number"; Value = "ERJ-3EKF4701V"; VariantName = "[No Variations]"
Change component parameters (AddParameter): Name = "Part Status"; Value = "Active"; VariantName = "[No Variations]"
Change component parameters (AddParameter): Name = "Power (Watts)"; Value = "0.1W, 1/10W"; VariantName = "[No Variations]"
Change component parameters (AddParameter): Name = "Quantity Available"; Value = "999380"; VariantName = "[No Variations]"
Change component parameters (AddParameter): Name = "Series"; Value = "ERJ"; VariantName = "[No Variations]"
Change component parameters (AddParameter): Name = "Size / Dimension"; Value = "0.063" L x 0.031" W (1.60mm x 0.80mm)"; VariantName = "[No Variations]"
Change component parameters (AddParameter): Name = "Supplier Device Package"; Value = "0603"; VariantName = "[No Variations]"
Change component parameters (AddParameter): Name = "Temperature Coefficient"; Value = "±100ppm/°C"; VariantName = "[No Variations]"
Change component parameters (AddParameter): Name = "Tolerance"; Value = "±1%"; VariantName = "[No Variations]"
Change component parameters (AddParameter): Name = "Unit Price (USD)"; Value = "0.00379"; VariantName = "[No Variations]"
Change component parameters (AddParameter): Name = "Value"; Value = "4.7k"; VariantName = "[No Variations]"
Added Member To Class: ClassName=power supply Member=Component C10 100nF
Added Room: Name=main
Added Room: Name=power supply
Added Room: Name=relay and rtc
